<?xml version="1.0" encoding="utf-8"?>
<coverage line-rate="1" branch-rate="1" version="1.9" timestamp="1785385498" lines-covered="51" lines-valid="51" branches-covered="22" branches-valid="22">
  <sources>
    <source>C:\Users\kamalesh.suresh\Desktop\C#, DOTNET LEARNINGS\week2\</source>
  </sources>
  <packages>
    <package name="day5" line-rate="1" branch-rate="1" complexity="18">
      <classes>
        <class name="Extensions" filename="day5\Program.cs" line-rate="1" branch-rate="1" complexity="18">
          <methods>
            <method name="ToTitleCase" signature="(System.String)" line-rate="1" branch-rate="1" complexity="4">
              <lines>
                <line number="11" hits="7" branch="False" />
                <line number="12" hits="9" branch="True" condition-coverage="100% (2/2)">
                  <conditions>
                    <condition number="9" type="jump" coverage="100%" />
                  </conditions>
                </line>
                <line number="13" hits="5" branch="False" />
                <line number="14" hits="17" branch="True" condition-coverage="100% (2/2)">
                  <conditions>
                    <condition number="6" type="jump" coverage="100%" />
                  </conditions>
                </line>
                <line number="15" hits="7" branch="False" />
              </lines>
            </method>
            <method name="IsNullOrEmpty" signature="(System.Collections.Generic.List`1&lt;T&gt;)" line-rate="1" branch-rate="1" complexity="2">
              <lines>
                <line number="17" hits="3" branch="True" condition-coverage="100% (2/2)">
                  <conditions>
                    <condition number="1" type="jump" coverage="100%" />
                  </conditions>
                </line>
              </lines>
            </method>
            <method name="ToWords" signature="(System.Int32)" line-rate="1" branch-rate="1" complexity="12">
              <lines>
                <line number="20" hits="13" branch="False" />
                <line number="21" hits="14" branch="True" condition-coverage="100% (2/2)">
                  <conditions>
                    <condition number="7" type="jump" coverage="100%" />
                  </conditions>
                </line>
                <line number="22" hits="12" branch="False" />
                <line number="23" hits="12" branch="False" />
                <line number="24" hits="12" branch="False" />
                <line number="25" hits="12" branch="False" />
                <line number="26" hits="12" branch="False" />
                <line number="27" hits="41" branch="True" condition-coverage="100% (4/4)">
                  <conditions>
                    <condition number="307" type="jump" coverage="100%" />
                    <condition number="342" type="jump" coverage="100%" />
                  </conditions>
                </line>
                <line number="28" hits="44" branch="True" condition-coverage="100% (4/4)">
                  <conditions>
                    <condition number="369" type="jump" coverage="100%" />
                    <condition number="396" type="jump" coverage="100%" />
                  </conditions>
                </line>
                <line number="29" hits="9" branch="True" condition-coverage="100% (2/2)">
                  <conditions>
                    <condition number="427" type="jump" coverage="100%" />
                  </conditions>
                </line>
                <line number="30" hits="12" branch="False" />
                <line number="31" hits="13" branch="False" />
              </lines>
            </method>
          </methods>
          <lines>
            <line number="11" hits="7" branch="False" />
            <line number="12" hits="9" branch="True" condition-coverage="100% (2/2)">
              <conditions>
                <condition number="9" type="jump" coverage="100%" />
              </conditions>
            </line>
            <line number="13" hits="5" branch="False" />
            <line number="14" hits="17" branch="True" condition-coverage="100% (2/2)">
              <conditions>
                <condition number="6" type="jump" coverage="100%" />
              </conditions>
            </line>
            <line number="15" hits="7" branch="False" />
            <line number="17" hits="3" branch="True" condition-coverage="100% (2/2)">
              <conditions>
                <condition number="1" type="jump" coverage="100%" />
              </conditions>
            </line>
            <line number="20" hits="13" branch="False" />
            <line number="21" hits="14" branch="True" condition-coverage="100% (2/2)">
              <conditions>
                <condition number="7" type="jump" coverage="100%" />
              </conditions>
            </line>
            <line number="22" hits="12" branch="False" />
            <line number="23" hits="12" branch="False" />
            <line number="24" hits="12" branch="False" />
            <line number="25" hits="12" branch="False" />
            <line number="26" hits="12" branch="False" />
            <line number="27" hits="41" branch="True" condition-coverage="100% (4/4)">
              <conditions>
                <condition number="307" type="jump" coverage="100%" />
                <condition number="342" type="jump" coverage="100%" />
              </conditions>
            </line>
            <line number="28" hits="44" branch="True" condition-coverage="100% (4/4)">
              <conditions>
                <condition number="369" type="jump" coverage="100%" />
                <condition number="396" type="jump" coverage="100%" />
              </conditions>
            </line>
            <line number="29" hits="9" branch="True" condition-coverage="100% (2/2)">
              <conditions>
                <condition number="427" type="jump" coverage="100%" />
              </conditions>
            </line>
            <line number="30" hits="12" branch="False" />
            <line number="31" hits="13" branch="False" />
          </lines>
        </class>
      </classes>
    </package>
    <package name="MiniProjects" line-rate="1" branch-rate="1" complexity="26">
      <classes>
        <class name="Book" filename="MiniProjects\Library.cs" line-rate="1" branch-rate="1" complexity="1">
          <methods>
            <method name="get_Title" signature="()" line-rate="1" branch-rate="1" complexity="1">
              <lines>
                <line number="7" hits="117" branch="False" />
              </lines>
            </method>
          </methods>
          <lines>
            <line number="7" hits="117" branch="False" />
          </lines>
        </class>
        <class name="GenreCount" filename="MiniProjects\Library.cs" line-rate="1" branch-rate="1" complexity="1">
          <methods>
            <method name="get_Genre" signature="()" line-rate="1" branch-rate="1" complexity="1">
              <lines>
                <line number="9" hits="21" branch="False" />
              </lines>
            </method>
          </methods>
          <lines>
            <line number="9" hits="21" branch="False" />
          </lines>
        </class>
        <class name="LibraryQueries" filename="MiniProjects\Library.cs" line-rate="1" branch-rate="1" complexity="5">
          <methods>
            <method name="AvailableByAuthor" signature="(System.Collections.Generic.IEnumerable`1&lt;Book&gt;,System.String)" line-rate="1" branch-rate="1" complexity="2">
              <lines>
                <line number="15" hits="27" branch="True" condition-coverage="100% (2/2)">
                  <conditions>
                    <condition number="6" type="jump" coverage="100%" />
                  </conditions>
                </line>
              </lines>
            </method>
            <method name="CountByGenre" signature="(System.Collections.Generic.IEnumerable`1&lt;Book&gt;)" line-rate="1" branch-rate="1" complexity="1">
              <lines>
                <line number="19" hits="10" branch="False" />
                <line number="20" hits="4" branch="False" />
                <line number="21" hits="4" branch="False" />
                <line number="22" hits="2" branch="False" />
              </lines>
            </method>
            <method name="Oldest" signature="(System.Collections.Generic.IEnumerable`1&lt;Book&gt;)" line-rate="1" branch-rate="1" complexity="1">
              <lines>
                <line number="26" hits="12" branch="False" />
              </lines>
            </method>
            <method name="After2010SortedByTitle" signature="(System.Collections.Generic.IEnumerable`1&lt;Book&gt;)" line-rate="1" branch-rate="1" complexity="1">
              <lines>
                <line number="30" hits="8" branch="False" />
              </lines>
            </method>
          </methods>
          <lines>
            <line number="15" hits="27" branch="True" condition-coverage="100% (2/2)">
              <conditions>
                <condition number="6" type="jump" coverage="100%" />
              </conditions>
            </line>
            <line number="19" hits="10" branch="False" />
            <line number="20" hits="4" branch="False" />
            <line number="21" hits="4" branch="False" />
            <line number="22" hits="2" branch="False" />
            <line number="26" hits="12" branch="False" />
            <line number="30" hits="8" branch="False" />
          </lines>
        </class>
        <class name="EmailSender" filename="MiniProjects\Notifications.cs" line-rate="1" branch-rate="1" complexity="1">
          <methods>
            <method name="Send" signature="(System.String)" line-rate="1" branch-rate="1" complexity="1">
              <lines>
                <line number="13" hits="1" branch="False" />
              </lines>
            </method>
          </methods>
          <lines>
            <line number="13" hits="1" branch="False" />
          </lines>
        </class>
        <class name="SmsSender" filename="MiniProjects\Notifications.cs" line-rate="1" branch-rate="1" complexity="1">
          <methods>
            <method name="Send" signature="(System.String)" line-rate="1" branch-rate="1" complexity="1">
              <lines>
                <line number="18" hits="1" branch="False" />
              </lines>
            </method>
          </methods>
          <lines>
            <line number="18" hits="1" branch="False" />
          </lines>
        </class>
        <class name="PushSender" filename="MiniProjects\Notifications.cs" line-rate="1" branch-rate="1" complexity="1">
          <methods>
            <method name="Send" signature="(System.String)" line-rate="1" branch-rate="1" complexity="1">
              <lines>
                <line number="23" hits="1" branch="False" />
              </lines>
            </method>
          </methods>
          <lines>
            <line number="23" hits="1" branch="False" />
          </lines>
        </class>
        <class name="NotificationService" filename="MiniProjects\Notifications.cs" line-rate="1" branch-rate="1" complexity="2">
          <methods>
            <method name="Notify" signature="(INotificationSender,System.String)" line-rate="1" branch-rate="1" complexity="2">
              <lines>
                <line number="33" hits="7" branch="False" />
                <line number="34" hits="7" branch="False" />
                <line number="35" hits="7" branch="True" condition-coverage="100% (2/2)">
                  <conditions>
                    <condition number="16" type="jump" coverage="100%" />
                  </conditions>
                </line>
                <line number="36" hits="7" branch="False" />
              </lines>
            </method>
          </methods>
          <lines>
            <line number="33" hits="7" branch="False" />
            <line number="34" hits="7" branch="False" />
            <line number="35" hits="7" branch="True" condition-coverage="100% (2/2)">
              <conditions>
                <condition number="16" type="jump" coverage="100%" />
              </conditions>
            </line>
            <line number="36" hits="7" branch="False" />
          </lines>
        </class>
        <class name="Employee" filename="MiniProjects\Payroll.cs" line-rate="1" branch-rate="1" complexity="2">
          <methods>
            <method name="get_Name" signature="()" line-rate="1" branch-rate="1" complexity="1">
              <lines>
                <line number="8" hits="28" branch="False" />
              </lines>
            </method>
            <method name="get_Department" signature="()" line-rate="1" branch-rate="1" complexity="1">
              <lines>
                <line number="9" hits="31" branch="False" />
              </lines>
            </method>
          </methods>
          <lines>
            <line number="8" hits="28" branch="False" />
            <line number="9" hits="31" branch="False" />
          </lines>
        </class>
        <class name="FullTimeEmployee" filename="MiniProjects\Payroll.cs" line-rate="1" branch-rate="1" complexity="3">
          <methods>
            <method name="get_MonthlyBase" signature="()" line-rate="1" branch-rate="1" complexity="1">
              <lines>
                <line number="20" hits="8" branch="False" />
              </lines>
            </method>
            <method name="CalculateSalary" signature="()" line-rate="1" branch-rate="1" complexity="1">
              <lines>
                <line number="21" hits="3" branch="False" />
              </lines>
            </method>
            <method name="CalculateTax" signature="()" line-rate="1" branch-rate="1" complexity="1">
              <lines>
                <line number="22" hits="1" branch="False" />
              </lines>
            </method>
          </methods>
          <lines>
            <line number="20" hits="8" branch="False" />
            <line number="21" hits="3" branch="False" />
            <line number="22" hits="1" branch="False" />
          </lines>
        </class>
        <class name="PartTimeEmployee" filename="MiniProjects\Payroll.cs" line-rate="1" branch-rate="1" complexity="3">
          <methods>
            <method name="get_HourlyRate" signature="()" line-rate="1" branch-rate="1" complexity="1">
              <lines>
                <line number="27" hits="8" branch="False" />
              </lines>
            </method>
            <method name="get_Hours" signature="()" line-rate="1" branch-rate="1" complexity="1">
              <lines>
                <line number="28" hits="8" branch="False" />
              </lines>
            </method>
            <method name="CalculateSalary" signature="()" line-rate="1" branch-rate="1" complexity="1">
              <lines>
                <line number="29" hits="3" branch="False" />
              </lines>
            </method>
          </methods>
          <lines>
            <line number="27" hits="8" branch="False" />
            <line number="28" hits="8" branch="False" />
            <line number="29" hits="3" branch="False" />
          </lines>
        </class>
        <class name="ContractEmployee" filename="MiniProjects\Payroll.cs" line-rate="1" branch-rate="1" complexity="2">
          <methods>
            <method name="get_ContractAmount" signature="()" line-rate="1" branch-rate="1" complexity="1">
              <lines>
                <line number="34" hits="8" branch="False" />
              </lines>
            </method>
            <method name="CalculateSalary" signature="()" line-rate="1" branch-rate="1" complexity="1">
              <lines>
                <line number="35" hits="3" branch="False" />
              </lines>
            </method>
          </methods>
          <lines>
            <line number="34" hits="8" branch="False" />
            <line number="35" hits="3" branch="False" />
          </lines>
        </class>
        <class name="DepartmentTotal" filename="MiniProjects\Payroll.cs" line-rate="1" branch-rate="1" complexity="1">
          <methods>
            <method name="get_Department" signature="()" line-rate="1" branch-rate="1" complexity="1">
              <lines>
                <line number="40" hits="10" branch="False" />
              </lines>
            </method>
          </methods>
          <lines>
            <line number="40" hits="10" branch="False" />
          </lines>
        </class>
        <class name="Payroll" filename="MiniProjects\Payroll.cs" line-rate="1" branch-rate="1" complexity="3">
          <methods>
            <method name="Total" signature="(System.Collections.Generic.IEnumerable`1&lt;Employee&gt;)" line-rate="1" branch-rate="1" complexity="1">
              <lines>
                <line number="46" hits="5" branch="False" />
              </lines>
            </method>
            <method name="TotalTax" signature="(System.Collections.Generic.IEnumerable`1&lt;Employee&gt;)" line-rate="1" branch-rate="1" complexity="1">
              <lines>
                <line number="50" hits="3" branch="False" />
              </lines>
            </method>
            <method name="ByDepartment" signature="(System.Collections.Generic.IEnumerable`1&lt;Employee&gt;)" line-rate="1" branch-rate="1" complexity="1">
              <lines>
                <line number="54" hits="5" branch="False" />
                <line number="55" hits="5" branch="False" />
                <line number="56" hits="2" branch="False" />
                <line number="57" hits="2" branch="False" />
              </lines>
            </method>
          </methods>
          <lines>
            <line number="46" hits="5" branch="False" />
            <line number="50" hits="3" branch="False" />
            <line number="54" hits="5" branch="False" />
            <line number="55" hits="5" branch="False" />
            <line number="56" hits="2" branch="False" />
            <line number="57" hits="2" branch="False" />
          </lines>
        </class>
      </classes>
    </package>
  </packages>
</coverage>